<?xml version="1.0" encoding="UTF-8"?>
<!-- Generated by org.testng.reporters.JUnitXMLReporter -->
<testsuite hostname="DESKTOP-2QSEBSH" ignored="0" name="Default test" tests="10" failures="0" timestamp="2020-06-15T06:55:22 CST" time="0.141" errors="0">
  <testcase name="f" time="0.009" classname="shopp.testNG.NewTest"/>
  <testcase name="f" time="0.011" classname="shopp.testNG.NewTest"/>
  <testcase name="f" time="0.013" classname="shopp.testNG.NewTest"/>
  <testcase name="f" time="0.024" classname="shopp.testNG.NewTest"/>
  <testcase name="f" time="0.003" classname="shopp.testNG.NewTest"/>
  <testcase name="f" time="0.035" classname="shopp.testNG.NewTest"/>
  <testcase name="f" time="0.014" classname="shopp.testNG.NewTest"/>
  <testcase name="f" time="0.01" classname="shopp.testNG.NewTest"/>
  <testcase name="f" time="0.029" classname="shopp.testNG.NewTest"/>
  <testcase name="f" time="0.016" classname="shopp.testNG.NewTest"/>
</testsuite> <!-- Default test -->
