<?xml version="1.0" encoding="UTF-8"?>
<testng-results skipped="0" failed="0" ignored="0" total="10" passed="10">
  <reporter-output>
  </reporter-output>
  <suite name="Default suite" duration-ms="141" started-at="2020-06-15T06:55:22 CST" finished-at="2020-06-15T06:55:22 CST">
    <groups>
    </groups>
    <test name="Default test" duration-ms="141" started-at="2020-06-15T06:55:22 CST" finished-at="2020-06-15T06:55:22 CST">
      <class name="shopp.testNG.NewTest">
        <test-method status="PASS" signature="beforeSuite()[pri:0, instance:shopp.testNG.NewTest@78a2da20]" name="beforeSuite" is-config="true" duration-ms="11" started-at="2020-06-15T06:55:22 CST" finished-at="2020-06-15T06:55:22 CST">
          <reporter-output>
          </reporter-output>
        </test-method> <!-- beforeSuite -->
        <test-method status="PASS" signature="beforeTest()[pri:0, instance:shopp.testNG.NewTest@78a2da20]" name="beforeTest" is-config="true" duration-ms="0" started-at="2020-06-15T06:55:22 CST" finished-at="2020-06-15T06:55:22 CST">
          <reporter-output>
          </reporter-output>
        </test-method> <!-- beforeTest -->
        <test-method status="PASS" signature="beforeClass()[pri:0, instance:shopp.testNG.NewTest@78a2da20]" name="beforeClass" is-config="true" duration-ms="1" started-at="2020-06-15T06:55:22 CST" finished-at="2020-06-15T06:55:22 CST">
          <reporter-output>
          </reporter-output>
        </test-method> <!-- beforeClass -->
        <test-method status="PASS" signature="beforeMethod()[pri:0, instance:shopp.testNG.NewTest@78a2da20]" name="beforeMethod" is-config="true" duration-ms="1" started-at="2020-06-15T06:55:22 CST" finished-at="2020-06-15T06:55:22 CST">
          <reporter-output>
          </reporter-output>
        </test-method> <!-- beforeMethod -->
        <test-method status="PASS" signature="beforeMethod()[pri:0, instance:shopp.testNG.NewTest@78a2da20]" name="beforeMethod" is-config="true" duration-ms="1" started-at="2020-06-15T06:55:22 CST" finished-at="2020-06-15T06:55:22 CST">
          <reporter-output>
          </reporter-output>
        </test-method> <!-- beforeMethod -->
        <test-method status="PASS" signature="beforeMethod()[pri:0, instance:shopp.testNG.NewTest@78a2da20]" name="beforeMethod" is-config="true" duration-ms="2" started-at="2020-06-15T06:55:22 CST" finished-at="2020-06-15T06:55:22 CST">
          <reporter-output>
          </reporter-output>
        </test-method> <!-- beforeMethod -->
        <test-method status="PASS" signature="beforeMethod()[pri:0, instance:shopp.testNG.NewTest@78a2da20]" name="beforeMethod" is-config="true" duration-ms="0" started-at="2020-06-15T06:55:22 CST" finished-at="2020-06-15T06:55:22 CST">
          <reporter-output>
          </reporter-output>
        </test-method> <!-- beforeMethod -->
        <test-method status="PASS" signature="beforeMethod()[pri:0, instance:shopp.testNG.NewTest@78a2da20]" name="beforeMethod" is-config="true" duration-ms="0" started-at="2020-06-15T06:55:22 CST" finished-at="2020-06-15T06:55:22 CST">
          <reporter-output>
          </reporter-output>
        </test-method> <!-- beforeMethod -->
        <test-method status="PASS" signature="f(java.lang.Integer, java.lang.String)[pri:0, instance:shopp.testNG.NewTest@78a2da20]" name="f" duration-ms="24" started-at="2020-06-15T06:55:22 CST" data-provider="dp" finished-at="2020-06-15T06:55:22 CST">
          <params>
            <param index="0">
              <value>
                <![CDATA[1]]>
              </value>
            </param>
            <param index="1">
              <value>
                <![CDATA[a]]>
              </value>
            </param>
          </params>
          <reporter-output>
          </reporter-output>
        </test-method> <!-- f -->
        <test-method status="PASS" signature="f(java.lang.Integer, java.lang.String)[pri:0, instance:shopp.testNG.NewTest@78a2da20]" name="f" duration-ms="9" started-at="2020-06-15T06:55:22 CST" data-provider="dp" finished-at="2020-06-15T06:55:22 CST">
          <params>
            <param index="0">
              <value>
                <![CDATA[1]]>
              </value>
            </param>
            <param index="1">
              <value>
                <![CDATA[a]]>
              </value>
            </param>
          </params>
          <reporter-output>
          </reporter-output>
        </test-method> <!-- f -->
        <test-method status="PASS" signature="f(java.lang.Integer, java.lang.String)[pri:0, instance:shopp.testNG.NewTest@78a2da20]" name="f" duration-ms="13" started-at="2020-06-15T06:55:22 CST" data-provider="dp" finished-at="2020-06-15T06:55:22 CST">
          <params>
            <param index="0">
              <value>
                <![CDATA[1]]>
              </value>
            </param>
            <param index="1">
              <value>
                <![CDATA[a]]>
              </value>
            </param>
          </params>
          <reporter-output>
          </reporter-output>
        </test-method> <!-- f -->
        <test-method status="PASS" signature="f(java.lang.Integer, java.lang.String)[pri:0, instance:shopp.testNG.NewTest@78a2da20]" name="f" duration-ms="35" started-at="2020-06-15T06:55:22 CST" data-provider="dp" finished-at="2020-06-15T06:55:22 CST">
          <params>
            <param index="0">
              <value>
                <![CDATA[1]]>
              </value>
            </param>
            <param index="1">
              <value>
                <![CDATA[a]]>
              </value>
            </param>
          </params>
          <reporter-output>
          </reporter-output>
        </test-method> <!-- f -->
        <test-method status="PASS" signature="f(java.lang.Integer, java.lang.String)[pri:0, instance:shopp.testNG.NewTest@78a2da20]" name="f" duration-ms="11" started-at="2020-06-15T06:55:22 CST" data-provider="dp" finished-at="2020-06-15T06:55:22 CST">
          <params>
            <param index="0">
              <value>
                <![CDATA[1]]>
              </value>
            </param>
            <param index="1">
              <value>
                <![CDATA[a]]>
              </value>
            </param>
          </params>
          <reporter-output>
          </reporter-output>
        </test-method> <!-- f -->
        <test-method status="PASS" signature="afterMethod()[pri:0, instance:shopp.testNG.NewTest@78a2da20]" name="afterMethod" is-config="true" duration-ms="0" started-at="2020-06-15T06:55:22 CST" finished-at="2020-06-15T06:55:22 CST">
          <reporter-output>
          </reporter-output>
        </test-method> <!-- afterMethod -->
        <test-method status="PASS" signature="beforeMethod()[pri:0, instance:shopp.testNG.NewTest@78a2da20]" name="beforeMethod" is-config="true" duration-ms="4" started-at="2020-06-15T06:55:22 CST" finished-at="2020-06-15T06:55:22 CST">
          <reporter-output>
          </reporter-output>
        </test-method> <!-- beforeMethod -->
        <test-method status="PASS" signature="afterMethod()[pri:0, instance:shopp.testNG.NewTest@78a2da20]" name="afterMethod" is-config="true" duration-ms="1" started-at="2020-06-15T06:55:22 CST" finished-at="2020-06-15T06:55:22 CST">
          <reporter-output>
          </reporter-output>
        </test-method> <!-- afterMethod -->
        <test-method status="PASS" signature="f(java.lang.Integer, java.lang.String)[pri:0, instance:shopp.testNG.NewTest@78a2da20]" name="f" duration-ms="3" started-at="2020-06-15T06:55:22 CST" data-provider="dp" finished-at="2020-06-15T06:55:22 CST">
          <params>
            <param index="0">
              <value>
                <![CDATA[2]]>
              </value>
            </param>
            <param index="1">
              <value>
                <![CDATA[b]]>
              </value>
            </param>
          </params>
          <reporter-output>
          </reporter-output>
        </test-method> <!-- f -->
        <test-method status="PASS" signature="beforeMethod()[pri:0, instance:shopp.testNG.NewTest@78a2da20]" name="beforeMethod" is-config="true" duration-ms="2" started-at="2020-06-15T06:55:22 CST" finished-at="2020-06-15T06:55:22 CST">
          <reporter-output>
          </reporter-output>
        </test-method> <!-- beforeMethod -->
        <test-method status="PASS" signature="f(java.lang.Integer, java.lang.String)[pri:0, instance:shopp.testNG.NewTest@78a2da20]" name="f" duration-ms="14" started-at="2020-06-15T06:55:22 CST" data-provider="dp" finished-at="2020-06-15T06:55:22 CST">
          <params>
            <param index="0">
              <value>
                <![CDATA[2]]>
              </value>
            </param>
            <param index="1">
              <value>
                <![CDATA[b]]>
              </value>
            </param>
          </params>
          <reporter-output>
          </reporter-output>
        </test-method> <!-- f -->
        <test-method status="PASS" signature="afterMethod()[pri:0, instance:shopp.testNG.NewTest@78a2da20]" name="afterMethod" is-config="true" duration-ms="2" started-at="2020-06-15T06:55:22 CST" finished-at="2020-06-15T06:55:22 CST">
          <reporter-output>
          </reporter-output>
        </test-method> <!-- afterMethod -->
        <test-method status="PASS" signature="afterMethod()[pri:0, instance:shopp.testNG.NewTest@78a2da20]" name="afterMethod" is-config="true" duration-ms="2" started-at="2020-06-15T06:55:22 CST" finished-at="2020-06-15T06:55:22 CST">
          <reporter-output>
          </reporter-output>
        </test-method> <!-- afterMethod -->
        <test-method status="PASS" signature="f(java.lang.Integer, java.lang.String)[pri:0, instance:shopp.testNG.NewTest@78a2da20]" name="f" duration-ms="29" started-at="2020-06-15T06:55:22 CST" data-provider="dp" finished-at="2020-06-15T06:55:22 CST">
          <params>
            <param index="0">
              <value>
                <![CDATA[2]]>
              </value>
            </param>
            <param index="1">
              <value>
                <![CDATA[b]]>
              </value>
            </param>
          </params>
          <reporter-output>
          </reporter-output>
        </test-method> <!-- f -->
        <test-method status="PASS" signature="beforeMethod()[pri:0, instance:shopp.testNG.NewTest@78a2da20]" name="beforeMethod" is-config="true" duration-ms="0" started-at="2020-06-15T06:55:22 CST" finished-at="2020-06-15T06:55:22 CST">
          <reporter-output>
          </reporter-output>
        </test-method> <!-- beforeMethod -->
        <test-method status="PASS" signature="afterMethod()[pri:0, instance:shopp.testNG.NewTest@78a2da20]" name="afterMethod" is-config="true" duration-ms="1" started-at="2020-06-15T06:55:22 CST" finished-at="2020-06-15T06:55:22 CST">
          <reporter-output>
          </reporter-output>
        </test-method> <!-- afterMethod -->
        <test-method status="PASS" signature="afterMethod()[pri:0, instance:shopp.testNG.NewTest@78a2da20]" name="afterMethod" is-config="true" duration-ms="4" started-at="2020-06-15T06:55:22 CST" finished-at="2020-06-15T06:55:22 CST">
          <reporter-output>
          </reporter-output>
        </test-method> <!-- afterMethod -->
        <test-method status="PASS" signature="beforeMethod()[pri:0, instance:shopp.testNG.NewTest@78a2da20]" name="beforeMethod" is-config="true" duration-ms="1" started-at="2020-06-15T06:55:22 CST" finished-at="2020-06-15T06:55:22 CST">
          <reporter-output>
          </reporter-output>
        </test-method> <!-- beforeMethod -->
        <test-method status="PASS" signature="f(java.lang.Integer, java.lang.String)[pri:0, instance:shopp.testNG.NewTest@78a2da20]" name="f" duration-ms="10" started-at="2020-06-15T06:55:22 CST" data-provider="dp" finished-at="2020-06-15T06:55:22 CST">
          <params>
            <param index="0">
              <value>
                <![CDATA[2]]>
              </value>
            </param>
            <param index="1">
              <value>
                <![CDATA[b]]>
              </value>
            </param>
          </params>
          <reporter-output>
          </reporter-output>
        </test-method> <!-- f -->
        <test-method status="PASS" signature="afterMethod()[pri:0, instance:shopp.testNG.NewTest@78a2da20]" name="afterMethod" is-config="true" duration-ms="2" started-at="2020-06-15T06:55:22 CST" finished-at="2020-06-15T06:55:22 CST">
          <reporter-output>
          </reporter-output>
        </test-method> <!-- afterMethod -->
        <test-method status="PASS" signature="beforeMethod()[pri:0, instance:shopp.testNG.NewTest@78a2da20]" name="beforeMethod" is-config="true" duration-ms="0" started-at="2020-06-15T06:55:22 CST" finished-at="2020-06-15T06:55:22 CST">
          <reporter-output>
          </reporter-output>
        </test-method> <!-- beforeMethod -->
        <test-method status="PASS" signature="f(java.lang.Integer, java.lang.String)[pri:0, instance:shopp.testNG.NewTest@78a2da20]" name="f" duration-ms="16" started-at="2020-06-15T06:55:22 CST" data-provider="dp" finished-at="2020-06-15T06:55:22 CST">
          <params>
            <param index="0">
              <value>
                <![CDATA[2]]>
              </value>
            </param>
            <param index="1">
              <value>
                <![CDATA[b]]>
              </value>
            </param>
          </params>
          <reporter-output>
          </reporter-output>
        </test-method> <!-- f -->
        <test-method status="PASS" signature="afterMethod()[pri:0, instance:shopp.testNG.NewTest@78a2da20]" name="afterMethod" is-config="true" duration-ms="2" started-at="2020-06-15T06:55:22 CST" finished-at="2020-06-15T06:55:22 CST">
          <reporter-output>
          </reporter-output>
        </test-method> <!-- afterMethod -->
        <test-method status="PASS" signature="afterMethod()[pri:0, instance:shopp.testNG.NewTest@78a2da20]" name="afterMethod" is-config="true" duration-ms="0" started-at="2020-06-15T06:55:22 CST" finished-at="2020-06-15T06:55:22 CST">
          <reporter-output>
          </reporter-output>
        </test-method> <!-- afterMethod -->
        <test-method status="PASS" signature="afterMethod()[pri:0, instance:shopp.testNG.NewTest@78a2da20]" name="afterMethod" is-config="true" duration-ms="1" started-at="2020-06-15T06:55:22 CST" finished-at="2020-06-15T06:55:22 CST">
          <reporter-output>
          </reporter-output>
        </test-method> <!-- afterMethod -->
        <test-method status="PASS" signature="afterClass()[pri:0, instance:shopp.testNG.NewTest@78a2da20]" name="afterClass" is-config="true" duration-ms="1" started-at="2020-06-15T06:55:22 CST" finished-at="2020-06-15T06:55:22 CST">
          <reporter-output>
          </reporter-output>
        </test-method> <!-- afterClass -->
        <test-method status="PASS" signature="afterTest()[pri:0, instance:shopp.testNG.NewTest@78a2da20]" name="afterTest" is-config="true" duration-ms="1" started-at="2020-06-15T06:55:22 CST" finished-at="2020-06-15T06:55:22 CST">
          <reporter-output>
          </reporter-output>
        </test-method> <!-- afterTest -->
        <test-method status="PASS" signature="afterSuite()[pri:0, instance:shopp.testNG.NewTest@78a2da20]" name="afterSuite" is-config="true" duration-ms="0" started-at="2020-06-15T06:55:22 CST" finished-at="2020-06-15T06:55:22 CST">
          <reporter-output>
          </reporter-output>
        </test-method> <!-- afterSuite -->
      </class> <!-- shopp.testNG.NewTest -->
    </test> <!-- Default test -->
  </suite> <!-- Default suite -->
</testng-results>
